{"C:\\Users\\Матюшина\\Weather_2024\\src\\js\\findWeather.js": {"path":"C:\\Users\\Матюшина\\Weather_2024\\src\\js\\findWeather.js","statementMap":{"0":{"start":{"line":2,"column":22},"end":{"line":2,"column":55}},"1":{"start":{"line":4,"column":14},"end":{"line":6,"column":3}},"2":{"start":{"line":7,"column":22},"end":{"line":7,"column":38}},"3":{"start":{"line":8,"column":2},"end":{"line":8,"column":21}}},"fnMap":{"0":{"name":"findWeather","decl":{"start":{"line":3,"column":22},"end":{"line":3,"column":33}},"loc":{"start":{"line":3,"column":40},"end":{"line":9,"column":1}},"line":3}},"branchMap":{},"s":{"0":2,"1":1,"2":1,"3":1},"f":{"0":1},"b":{},"_coverageSchema":"1a1c01bbd47fc00a2c39e90264f33305004495a9","hash":"97af4974c8d22f93595309dabc47f187b4cf46da"}
,"C:\\Users\\Матюшина\\Weather_2024\\src\\js\\getLocationByIP.js": {"path":"C:\\Users\\Матюшина\\Weather_2024\\src\\js\\getLocationByIP.js","statementMap":{"0":{"start":{"line":3,"column":14},"end":{"line":3,"column":64}},"1":{"start":{"line":4,"column":17},"end":{"line":4,"column":33}},"2":{"start":{"line":5,"column":17},"end":{"line":5,"column":28}},"3":{"start":{"line":6,"column":2},"end":{"line":6,"column":16}}},"fnMap":{"0":{"name":"getLocationByIP","decl":{"start":{"line":2,"column":22},"end":{"line":2,"column":37}},"loc":{"start":{"line":2,"column":40},"end":{"line":7,"column":1}},"line":2}},"branchMap":{},"s":{"0":1,"1":1,"2":1,"3":1},"f":{"0":1},"b":{},"_coverageSchema":"1a1c01bbd47fc00a2c39e90264f33305004495a9","hash":"0935e531be8042c22228462e3c35d49696e0eeb8"}
,"C:\\Users\\Матюшина\\Weather_2024\\src\\js\\loadFromLocalStorage.js": {"path":"C:\\Users\\Матюшина\\Weather_2024\\src\\js\\loadFromLocalStorage.js","statementMap":{"0":{"start":{"line":3,"column":2},"end":{"line":3,"column":53}}},"fnMap":{"0":{"name":"loadFromLocalStorage","decl":{"start":{"line":2,"column":16},"end":{"line":2,"column":36}},"loc":{"start":{"line":2,"column":42},"end":{"line":4,"column":1}},"line":2}},"branchMap":{"0":{"loc":{"start":{"line":3,"column":9},"end":{"line":3,"column":52}},"type":"binary-expr","locations":[{"start":{"line":3,"column":9},"end":{"line":3,"column":46}},{"start":{"line":3,"column":50},"end":{"line":3,"column":52}}],"line":3}},"s":{"0":2},"f":{"0":2},"b":{"0":[2,1]},"_coverageSchema":"1a1c01bbd47fc00a2c39e90264f33305004495a9","hash":"06a3f7771bb8c0870027c48061f2169e137a6a1c"}
,"C:\\Users\\Матюшина\\Weather_2024\\src\\js\\renderContainerByCity.js": {"path":"C:\\Users\\Матюшина\\Weather_2024\\src\\js\\renderContainerByCity.js","statementMap":{"0":{"start":{"line":6,"column":22},"end":{"line":6,"column":45}},"1":{"start":{"line":7,"column":31},"end":{"line":7,"column":77}},"2":{"start":{"line":8,"column":24},"end":{"line":8,"column":48}},"3":{"start":{"line":9,"column":2},"end":{"line":9,"column":54}},"4":{"start":{"line":10,"column":2},"end":{"line":10,"column":40}}},"fnMap":{"0":{"name":"renderContainerByCity","decl":{"start":{"line":5,"column":22},"end":{"line":5,"column":43}},"loc":{"start":{"line":5,"column":50},"end":{"line":11,"column":1}},"line":5}},"branchMap":{},"s":{"0":1,"1":1,"2":1,"3":1,"4":1},"f":{"0":1},"b":{},"_coverageSchema":"1a1c01bbd47fc00a2c39e90264f33305004495a9","hash":"ef4cba0412e60b35a94eb029f0151c6194bc7c14"}
,"C:\\Users\\Матюшина\\Weather_2024\\src\\js\\saveToLocalStorage.js": {"path":"C:\\Users\\Матюшина\\Weather_2024\\src\\js\\saveToLocalStorage.js","statementMap":{"0":{"start":{"line":2,"column":18},"end":{"line":2,"column":20}},"1":{"start":{"line":4,"column":22},"end":{"line":4,"column":74}},"2":{"start":{"line":5,"column":2},"end":{"line":12,"column":3}},"3":{"start":{"line":6,"column":4},"end":{"line":6,"column":27}},"4":{"start":{"line":7,"column":4},"end":{"line":9,"column":5}},"5":{"start":{"line":8,"column":6},"end":{"line":8,"column":26}},"6":{"start":{"line":10,"column":4},"end":{"line":10,"column":68}}},"fnMap":{"0":{"name":"saveToLocalStorage","decl":{"start":{"line":3,"column":16},"end":{"line":3,"column":34}},"loc":{"start":{"line":3,"column":41},"end":{"line":13,"column":1}},"line":3}},"branchMap":{"0":{"loc":{"start":{"line":4,"column":22},"end":{"line":4,"column":74}},"type":"binary-expr","locations":[{"start":{"line":4,"column":22},"end":{"line":4,"column":68}},{"start":{"line":4,"column":72},"end":{"line":4,"column":74}}],"line":4},"1":{"loc":{"start":{"line":5,"column":2},"end":{"line":12,"column":3}},"type":"if","locations":[{"start":{"line":5,"column":2},"end":{"line":12,"column":3}},{"start":{},"end":{}}],"line":5},"2":{"loc":{"start":{"line":7,"column":4},"end":{"line":9,"column":5}},"type":"if","locations":[{"start":{"line":7,"column":4},"end":{"line":9,"column":5}},{"start":{},"end":{}}],"line":7}},"s":{"0":1,"1":18,"2":18,"3":17,"4":17,"5":5,"6":17},"f":{"0":18},"b":{"0":[18,3],"1":[17,1],"2":[5,12]},"_coverageSchema":"1a1c01bbd47fc00a2c39e90264f33305004495a9","hash":"d99e38a36b6325674a1d264175bd6d8e3e141e26"}
,"C:\\Users\\Матюшина\\Weather_2024\\src\\js\\showWeather.js": {"path":"C:\\Users\\Матюшина\\Weather_2024\\src\\js\\showWeather.js","statementMap":{"0":{"start":{"line":2,"column":18},"end":{"line":2,"column":56}},"1":{"start":{"line":4,"column":27},"end":{"line":12,"column":15}},"2":{"start":{"line":13,"column":2},"end":{"line":13,"column":26}}},"fnMap":{"0":{"name":"showWeather","decl":{"start":{"line":3,"column":16},"end":{"line":3,"column":27}},"loc":{"start":{"line":3,"column":34},"end":{"line":14,"column":1}},"line":3}},"branchMap":{},"s":{"0":3,"1":4,"2":4},"f":{"0":4},"b":{},"_coverageSchema":"1a1c01bbd47fc00a2c39e90264f33305004495a9","hash":"9396c4917edb1223f721fdea2ccfad5176ca760c"}
}
