{"C:\\Users\\Матюшина\\Weather_2024\\src\\js\\getLocationByIP.js": {"path":"C:\\Users\\Матюшина\\Weather_2024\\src\\js\\getLocationByIP.js","statementMap":{"0":{"start":{"line":3,"column":14},"end":{"line":3,"column":64}},"1":{"start":{"line":4,"column":17},"end":{"line":4,"column":33}},"2":{"start":{"line":5,"column":17},"end":{"line":5,"column":28}},"3":{"start":{"line":7,"column":2},"end":{"line":7,"column":16}}},"fnMap":{"0":{"name":"getLocationByIP","decl":{"start":{"line":2,"column":22},"end":{"line":2,"column":37}},"loc":{"start":{"line":2,"column":40},"end":{"line":8,"column":1}},"line":2}},"branchMap":{},"s":{"0":2,"1":2,"2":2,"3":2},"f":{"0":2},"b":{},"_coverageSchema":"1a1c01bbd47fc00a2c39e90264f33305004495a9","hash":"56d27a857e80647cd7b4e2282c2e3194ac1f03d1"}
}
