TN:
SF:src\js\findWeather.js
FN:3,findWeather
FNF:1
FNH:1
FNDA:1,findWeather
DA:2,2
DA:4,1
DA:7,1
DA:8,1
LF:4
LH:4
BRF:0
BRH:0
end_of_record
TN:
SF:src\js\getLocationByIP.js
FN:2,getLocationByIP
FNF:1
FNH:1
FNDA:1,getLocationByIP
DA:3,1
DA:4,1
DA:5,1
DA:6,1
LF:4
LH:4
BRF:0
BRH:0
end_of_record
TN:
SF:src\js\loadFromLocalStorage.js
FN:2,loadFromLocalStorage
FNF:1
FNH:1
FNDA:2,loadFromLocalStorage
DA:3,2
LF:1
LH:1
BRDA:3,0,0,2
BRDA:3,0,1,1
BRF:2
BRH:2
end_of_record
TN:
SF:src\js\renderContainerByCity.js
FN:5,renderContainerByCity
FNF:1
FNH:1
FNDA:1,renderContainerByCity
DA:6,1
DA:7,1
DA:8,1
DA:9,1
DA:10,1
LF:5
LH:5
BRF:0
BRH:0
end_of_record
TN:
SF:src\js\saveToLocalStorage.js
FN:3,saveToLocalStorage
FNF:1
FNH:1
FNDA:18,saveToLocalStorage
DA:2,1
DA:4,18
DA:5,18
DA:6,17
DA:7,17
DA:8,5
DA:10,17
LF:7
LH:7
BRDA:4,0,0,18
BRDA:4,0,1,3
BRDA:5,1,0,17
BRDA:5,1,1,1
BRDA:7,2,0,5
BRDA:7,2,1,12
BRF:6
BRH:6
end_of_record
TN:
SF:src\js\showWeather.js
FN:3,showWeather
FNF:1
FNH:1
FNDA:4,showWeather
DA:2,3
DA:4,4
DA:13,4
LF:3
LH:3
BRF:0
BRH:0
end_of_record
